[debug] [2023-03-19T16:45:26.613Z] ----------------------------------------------------------------------
[debug] [2023-03-19T16:45:26.615Z] Command:       C:\Program Files\nodejs\node.exe C:\Users\natta\AppData\Roaming\npm\node_modules\firebase-tools\lib\bin\firebase.js init
[debug] [2023-03-19T16:45:26.616Z] CLI Version:   11.20.0
[debug] [2023-03-19T16:45:26.616Z] Platform:      win32
[debug] [2023-03-19T16:45:26.616Z] Node Version:  v16.15.0
[debug] [2023-03-19T16:45:26.617Z] Time:          Sun Mar 19 2023 23:45:26 GMT+0700 (Indochina Time)
[debug] [2023-03-19T16:45:26.617Z] ----------------------------------------------------------------------
[debug] 
[debug] [2023-03-19T16:45:26.698Z] > command requires scopes: ["email","openid","https://www.googleapis.com/auth/cloudplatformprojects.readonly","https://www.googleapis.com/auth/firebase","https://www.googleapis.com/auth/cloud-platform"]
[debug] [2023-03-19T16:45:26.699Z] > authorizing via signed-in user (nattapong130247@gmail.com)
[info] 
     ######## #### ########  ######## ########     ###     ######  ########
     ##        ##  ##     ## ##       ##     ##  ##   ##  ##       ##
     ######    ##  ########  ######   ########  #########  ######  ######
     ##        ##  ##    ##  ##       ##     ## ##     ##       ## ##
     ##       #### ##     ## ######## ########  ##     ##  ######  ########

You're about to initialize a Firebase project in this directory:

  C:\Users\natta\Desktop\ZIsmail-Portfolio

Before we get started, keep in mind:

  * You are initializing within an existing Firebase project directory

[info] 
=== Project Setup
[info] 
[info] First, let's associate this project directory with a Firebase project.
[info] You can create multiple project aliases by running firebase use --add, 
[info] but for now we'll just set up a default project.
[info] 
[debug] [2023-03-19T16:46:04.978Z] Using project from CLI flag: portfolio-a3bbe
[debug] [2023-03-19T16:46:04.981Z] >>> [apiv2][query] GET https://firebase.googleapis.com/v1beta1/projects/portfolio-a3bbe [none]
[debug] [2023-03-19T16:46:05.739Z] <<< [apiv2][status] GET https://firebase.googleapis.com/v1beta1/projects/portfolio-a3bbe 200
[debug] [2023-03-19T16:46:05.739Z] <<< [apiv2][body] GET https://firebase.googleapis.com/v1beta1/projects/portfolio-a3bbe {"projectId":"portfolio-a3bbe","projectNumber":"868579086751","displayName":"Portfolio","name":"projects/portfolio-a3bbe","resources":{"hostingSite":"portfolio-a3bbe"},"state":"ACTIVE","etag":"1_6fd9a120-ad61-44f3-bd30-678e54e516cf"}
[info] i  Using project portfolio-a3bbe (Portfolio) 
[info] 
=== Hosting Setup
[info] 
[info] Your public directory is the folder (relative to your project directory) that
[info] will contain Hosting assets to be uploaded with firebase deploy. If you
[info] have a build process for your assets, use your build's output directory.
[info] 
[debug] [2023-03-19T16:46:35.384Z] >>> [apiv2][query] GET https://www.gstatic.com/firebasejs/releases.json [none]
[debug] [2023-03-19T16:46:35.682Z] <<< [apiv2][status] GET https://www.gstatic.com/firebasejs/releases.json 200
[debug] [2023-03-19T16:46:35.682Z] <<< [apiv2][body] GET https://www.gstatic.com/firebasejs/releases.json {"current":{"version":"9.18.0","browserURL":"https://www.gstatic.com/firebasejs/9.18.0/firebase.js","packageURL":"https://www.gstatic.com/firebasejs/9.18.0/firebase.tgz"},"live":{"version":"9.18","browserURL":"https://www.gstatic.com/firebasejs/live/9.18/firebase.js","packageURL":"https://www.gstatic.com/firebasejs/live/9.18/firebase.tgz"},"components":{"analytics":"https://www.gstatic.com/firebasejs/9.18.0/firebase-analytics.js","app":"https://www.gstatic.com/firebasejs/9.18.0/firebase-app.js","app-check":"https://www.gstatic.com/firebasejs/9.18.0/firebase-app-check.js","auth":"https://www.gstatic.com/firebasejs/9.18.0/firebase-auth.js","auth/cordova":"https://www.gstatic.com/firebasejs/9.18.0/firebase-auth/cordova.js","auth/react-native":"https://www.gstatic.com/firebasejs/9.18.0/firebase-auth/react-native.js","functions":"https://www.gstatic.com/firebasejs/9.18.0/firebase-functions.js","firestore":"https://www.gstatic.com/firebasejs/9.18.0/firebase-firestore.js","firestore/lite":"https://www.gstatic.com/firebasejs/9.18.0/firebase-firestore/lite.js","installations":"https://www.gstatic.com/firebasejs/9.18.0/firebase-installations.js","storage":"https://www.gstatic.com/firebasejs/9.18.0/firebase-storage.js","performance":"https://www.gstatic.com/firebasejs/9.18.0/firebase-performance.js","remote-config":"https://www.gstatic.com/firebasejs/9.18.0/firebase-remote-config.js","messaging":"https://www.gstatic.com/firebasejs/9.18.0/firebase-messaging.js","messaging/sw":"https://www.gstatic.com/firebasejs/9.18.0/firebase-messaging/sw.js","database":"https://www.gstatic.com/firebasejs/9.18.0/firebase-database.js","firestore.memory":"https://www.gstatic.com/firebasejs/9.18.0/firebase-firestore.memory.js"}}
[info] +  Wrote build/index.html 
[info] 
[info] i  Detected a .git folder at C:\Users\natta\Desktop\ZIsmail-Portfolio 
[info] i  Authorizing with GitHub to upload your service account to a GitHub repository's secrets store. 
[info] 
[info] Visit this URL on this device to log in:
[info] https://github.com/login/oauth/authorize?client_id=89cf50f02ac6aaed3484&state=118888232&redirect_uri=http%3A%2F%2Flocalhost%3A9005&scope=read%3Auser%20repo%20public_repo
[info] 
[info] Waiting for authentication...
[debug] [2023-03-19T16:50:06.617Z] >>> [apiv2][query] POST https://github.com/login/oauth/access_token [none]
[debug] [2023-03-19T16:50:06.617Z] >>> [apiv2][body] POST https://github.com/login/oauth/access_token [stream]
[debug] [2023-03-19T16:50:07.431Z] <<< [apiv2][status] POST https://github.com/login/oauth/access_token 200
[debug] [2023-03-19T16:50:07.431Z] <<< [apiv2][body] POST https://github.com/login/oauth/access_token {"access_token":"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","token_type":"bearer","scope":"read:user,repo"}
[debug] [2023-03-19T16:50:07.442Z] >>> [apiv2][query] GET https://api.github.com/user [none]
[debug] [2023-03-19T16:50:08.054Z] <<< [apiv2][status] GET https://api.github.com/user 200
[debug] [2023-03-19T16:50:08.055Z] <<< [apiv2][body] GET https://api.github.com/user {"login":"zismaildev","id":48874762,"node_id":"MDQ6VXNlcjQ4ODc0NzYy","avatar_url":"https://avatars.githubusercontent.com/u/48874762?v=4","gravatar_id":"","url":"https://api.github.com/users/zismaildev","html_url":"https://github.com/zismaildev","followers_url":"https://api.github.com/users/zismaildev/followers","following_url":"https://api.github.com/users/zismaildev/following{/other_user}","gists_url":"https://api.github.com/users/zismaildev/gists{/gist_id}","starred_url":"https://api.github.com/users/zismaildev/starred{/owner}{/repo}","subscriptions_url":"https://api.github.com/users/zismaildev/subscriptions","organizations_url":"https://api.github.com/users/zismaildev/orgs","repos_url":"https://api.github.com/users/zismaildev/repos","events_url":"https://api.github.com/users/zismaildev/events{/privacy}","received_events_url":"https://api.github.com/users/zismaildev/received_events","type":"User","site_admin":false,"name":"Nattapong Panthiya","company":"Thailand","blog":"","location":"Chaing Mai","email":null,"hireable":null,"bio":"hi","twitter_username":null,"public_repos":3,"public_gists":0,"followers":0,"following":5,"created_at":"2019-03-24T05:15:43Z","updated_at":"2023-03-19T16:49:51Z","private_gists":0,"total_private_repos":4,"owned_private_repos":4,"disk_usage":12149,"collaborators":0,"two_factor_authentication":true,"plan":{"name":"free","space":976562499,"collaborators":0,"private_repos":10000}}
[info] 
[info] +  Success! Logged into GitHub as zismaildev 
[info] 
[debug] [2023-03-19T16:57:49.262Z] >>> [apiv2][query] GET https://api.github.com/repos/y/actions/secrets/public-key type=owner
[debug] [2023-03-19T16:57:49.804Z] <<< [apiv2][status] GET https://api.github.com/repos/y/actions/secrets/public-key 404
[debug] [2023-03-19T16:57:49.804Z] <<< [apiv2][body] GET https://api.github.com/repos/y/actions/secrets/public-key {"message":"Not Found","documentation_url":"https://docs.github.com/rest"}
